<?xml version="1.0" encoding="UTF-8"?>
<!-- Generated by org.testng.reporters.JUnitXMLReporter -->
<testsuite ignored="0" hostname="DESKTOP-LRCM8AR" failures="1" tests="2" name="Test" time="36.356" errors="0" timestamp="2025-03-23T10:22:23 IST">
  <testcase classname="testCases.TC001_AccountRegistrationTest" name="verify_account_registration" time="5.195"/>
  <testcase classname="testCases.TC002_LoginTest" name="verifyLogin" time="13.121">
    <failure type="junit.framework.AssertionFailedError">
      <![CDATA[junit.framework.AssertionFailedError
at junit.framework.Assert.fail(Assert.java:47)
at junit.framework.Assert.assertTrue(Assert.java:20)
at junit.framework.Assert.assertTrue(Assert.java:27)
at testCases.TC002_LoginTest.verifyLogin(TC002_LoginTest.java:39)
at java.base/java.util.ArrayList.forEach(ArrayList.java:1511)
... Removed 27 stack frames]]>
    </failure>
  </testcase> <!-- verifyLogin -->
</testsuite> <!-- Test -->
