<?xml version="1.0" encoding="UTF-8"?>
<testng-results ignored="0" total="1" passed="1" failed="0" skipped="0">
  <reporter-output>
  </reporter-output>
  <suite started-at="2025-08-02T10:25:26 IST" name="MasterSuite" finished-at="2025-08-02T10:25:56 IST" duration-ms="30694">
    <groups>
    </groups>
    <test started-at="2025-08-02T10:25:26 IST" name="Test" finished-at="2025-08-02T10:25:56 IST" duration-ms="30694">
      <class name="testCases.TC001_AccountRegistrationTest">
        <test-method is-config="true" signature="setup(java.lang.String,java.lang.String)[pri:0, instance:testCases.TC001_AccountRegistrationTest@4c60d6e9]" started-at="2025-08-02T10:25:26 IST" name="setup" finished-at="2025-08-02T10:25:52 IST" duration-ms="26061" status="PASS">
          <params>
            <param index="0">
              <value>
                <![CDATA[Windows]]>
              </value>
            </param>
            <param index="1">
              <value>
                <![CDATA[chrome]]>
              </value>
            </param>
          </params>
          <reporter-output>
          </reporter-output>
        </test-method> <!-- setup -->
        <test-method signature="verify_account_registration()[pri:0, instance:testCases.TC001_AccountRegistrationTest@4c60d6e9]" started-at="2025-08-02T10:25:52 IST" name="verify_account_registration" finished-at="2025-08-02T10:25:56 IST" duration-ms="3993" status="PASS">
          <reporter-output>
          </reporter-output>
        </test-method> <!-- verify_account_registration -->
        <test-method is-config="true" signature="teatDown()[pri:0, instance:testCases.TC001_AccountRegistrationTest@4c60d6e9]" started-at="2025-08-02T10:25:56 IST" name="teatDown" finished-at="2025-08-02T10:25:56 IST" duration-ms="451" status="PASS">
          <reporter-output>
          </reporter-output>
        </test-method> <!-- teatDown -->
      </class> <!-- testCases.TC001_AccountRegistrationTest -->
    </test> <!-- Test -->
  </suite> <!-- MasterSuite -->
</testng-results>
