<?xml version="1.0" encoding="UTF-8"?>
<!-- Generated by org.testng.reporters.JUnitXMLReporter -->
<testsuite ignored="0" hostname="DESKTOP-LRCM8AR" failures="0" tests="4" name="Default test" time="13.027" errors="0" timestamp="2025-02-04T22:37:40 IST">
  <testcase classname="RestAssured.put_patch_delete_example" name="testDelete" time="7.203"/>
  <testcase classname="RestAssured.put_patch_delete_example" name="testPatch" time="0.68"/>
  <testcase classname="RestAssured.put_patch_delete_example" name="testPost" time="0.482"/>
  <testcase classname="RestAssured.put_patch_delete_example" name="testput" time="4.533"/>
</testsuite> <!-- Default test -->
