<?xml version="1.0" encoding="UTF-8"?>
<testng-results ignored="0" total="4" passed="4" failed="0" skipped="0">
  <reporter-output>
  </reporter-output>
  <suite started-at="2025-02-04T22:37:27 IST" name="Default suite" finished-at="2025-02-04T22:37:40 IST" duration-ms="13027">
    <groups>
    </groups>
    <test started-at="2025-02-04T22:37:27 IST" name="Default test" finished-at="2025-02-04T22:37:40 IST" duration-ms="13027">
      <class name="RestAssured.put_patch_delete_example">
        <test-method signature="testDelete()[pri:0, instance:RestAssured.put_patch_delete_example@48f278eb]" started-at="2025-02-04T22:37:27 IST" name="testDelete" finished-at="2025-02-04T22:37:35 IST" duration-ms="7203" status="PASS">
          <reporter-output>
          </reporter-output>
        </test-method> <!-- testDelete -->
        <test-method signature="testPatch()[pri:0, instance:RestAssured.put_patch_delete_example@48f278eb]" started-at="2025-02-04T22:37:35 IST" name="testPatch" finished-at="2025-02-04T22:37:35 IST" duration-ms="680" status="PASS">
          <reporter-output>
          </reporter-output>
        </test-method> <!-- testPatch -->
        <test-method signature="testPost()[pri:0, instance:RestAssured.put_patch_delete_example@48f278eb]" started-at="2025-02-04T22:37:35 IST" name="testPost" finished-at="2025-02-04T22:37:36 IST" duration-ms="482" status="PASS">
          <reporter-output>
          </reporter-output>
        </test-method> <!-- testPost -->
        <test-method signature="testput()[pri:0, instance:RestAssured.put_patch_delete_example@48f278eb]" started-at="2025-02-04T22:37:36 IST" name="testput" finished-at="2025-02-04T22:37:40 IST" duration-ms="4533" status="PASS">
          <reporter-output>
          </reporter-output>
        </test-method> <!-- testput -->
      </class> <!-- RestAssured.put_patch_delete_example -->
    </test> <!-- Default test -->
  </suite> <!-- Default suite -->
</testng-results>
