<?xml version="1.0" encoding="UTF-8"?>
<testng-results ignored="0" total="1" passed="1" failed="0" skipped="0">
  <reporter-output>
  </reporter-output>
  <suite started-at="2025-06-03T11:38:56 IST" name="Suite" finished-at="2025-06-03T11:39:06 IST" duration-ms="10023">
    <groups>
    </groups>
    <test started-at="2025-06-03T11:38:56 IST" name="Test" finished-at="2025-06-03T11:39:06 IST" duration-ms="10023">
      <class name="pageObject.LOgInTest">
        <test-method is-config="true" signature="setup()[pri:0, instance:pageObject.LOgInTest@1573f9fc]" started-at="2025-06-03T11:38:56 IST" name="setup" finished-at="2025-06-03T11:39:02 IST" duration-ms="5718" status="PASS">
          <reporter-output>
          </reporter-output>
        </test-method> <!-- setup -->
        <test-method signature="loginTest()[pri:0, instance:pageObject.LOgInTest@1573f9fc]" started-at="2025-06-03T11:39:02 IST" name="loginTest" finished-at="2025-06-03T11:39:03 IST" duration-ms="678" status="PASS">
          <reporter-output>
          </reporter-output>
        </test-method> <!-- loginTest -->
        <test-method is-config="true" signature="tearDown()[pri:0, instance:pageObject.LOgInTest@1573f9fc]" started-at="2025-06-03T11:39:03 IST" name="tearDown" finished-at="2025-06-03T11:39:06 IST" duration-ms="3586" status="PASS">
          <reporter-output>
          </reporter-output>
        </test-method> <!-- tearDown -->
      </class> <!-- pageObject.LOgInTest -->
    </test> <!-- Test -->
  </suite> <!-- Suite -->
</testng-results>
