<?xml version="1.0" encoding="UTF-8"?>
<!-- Generated by org.testng.reporters.JUnitXMLReporter -->
<testsuite ignored="0" hostname="L5CD20914MZ" failures="0" tests="3" name="edgeTest" time="12.602" errors="0" timestamp="2025-05-28T17:01:15 IST">
  <testcase classname="DataProvider.paramclass" name="testLogo" time="0.037"/>
  <testcase classname="DataProvider.paramclass" name="testTitle" time="0.008"/>
  <testcase classname="DataProvider.paramclass" name="testUrl" time="0.009"/>
</testsuite> <!-- edgeTest -->
