<?xml version="1.0" encoding="UTF-8"?>
<testng-results ignored="0" total="1" passed="1" failed="0" skipped="0">
  <reporter-output>
  </reporter-output>
  <suite started-at="2024-05-30T20:18:04 IST" name="Default suite" finished-at="2024-05-30T20:18:04 IST" duration-ms="59">
    <groups>
    </groups>
    <test started-at="2024-05-30T20:18:04 IST" name="Default test" finished-at="2024-05-30T20:18:04 IST" duration-ms="59">
      <class name="Atestng.testingset.Demotwo">
        <test-method signature="Demotwo()[pri:0, instance:Atestng.testingset.Demotwo@272ed83b]" started-at="2024-05-30T20:18:04 IST" name="Demotwo" finished-at="2024-05-30T20:18:04 IST" duration-ms="10" status="PASS">
          <reporter-output>
          </reporter-output>
        </test-method> <!-- Demotwo -->
      </class> <!-- Atestng.testingset.Demotwo -->
    </test> <!-- Default test -->
  </suite> <!-- Default suite -->
</testng-results>
