<?xml version="1.0" encoding="UTF-8"?>
<!-- Generated by org.testng.reporters.JUnitXMLReporter -->
<testsuite ignored="0" hostname="L5CD20914MZ" failures="0" tests="4" name="mytest" time="13.052" errors="0" timestamp="2025-05-27T10:48:20 IST">
  <testcase classname="TestNg_setup.OrangeHrmTest" name="openApp" time="7.74"/>
  <testcase classname="TestNg_setup.OrangeHrmTest" name="testlogo" time="3.044"/>
  <testcase classname="TestNg_setup.OrangeHrmTest" name="login" time="0.119"/>
  <testcase classname="TestNg_setup.OrangeHrmTest" name="logout" time="2.086"/>
</testsuite> <!-- mytest -->
